<?xml version="1.0" encoding="UTF-8"?>
<!-- Generated by org.testng.reporters.JUnitReportReporter -->
<testsuite hostname="DESKTOP-EJDRMVG" failures="0" tests="1" name="practice.pom.repository.CreateOrganization" time="62.366" errors="0" timestamp="2024-07-17T10:53:53 IST" skipped="0">
  <testcase classname="practice.pom.repository.CreateOrganization" name="createContactTest" time="62.366"/>
  <system-out/>
</testsuite> <!-- practice.pom.repository.CreateOrganization -->
