<?xml version="1.0" encoding="UTF-8"?>
<!-- Generated by org.testng.reporters.JUnitReportReporter -->
<testsuite hostname="DESKTOP-EJDRMVG" failures="0" tests="3" name="comcast.crm.contacttest.CreateContactTest" time="105.590" errors="0" timestamp="2024-07-23T15:44:30 IST" skipped="0">
  <testcase classname="comcast.crm.contacttest.CreateContactTest" name="createContactTest" time="34.485"/>
  <system-out/>
  <testcase classname="comcast.crm.contacttest.CreateContactTest" name="createContactWithOrgTest" time="46.441"/>
  <system-out/>
  <testcase classname="comcast.crm.contacttest.CreateContactTest" name="createContactWithSupportDateTest" time="24.664"/>
  <system-out/>
</testsuite> <!-- comcast.crm.contacttest.CreateContactTest -->
