<?xml version="1.0" encoding="UTF-8"?>
<!-- Generated by org.testng.reporters.JUnitReportReporter -->
<testsuite hostname="DESKTOP-EJDRMVG" failures="0" tests="1" name="comcast.crm.orgtest.CreateOrganization_testNg" time="156.026" errors="0" timestamp="2024-07-24T13:25:47 IST" skipped="0">
  <testcase classname="comcast.crm.orgtest.CreateOrganization_testNg" name="createOrganizationTest" time="156.026"/>
  <system-out/>
</testsuite> <!-- comcast.crm.orgtest.CreateOrganization_testNg -->
